18:03:56.205 [QuartzScheduler_schedulerFactory-uul1430993033171_MisfireHandler] ERROR o.s.s.quartz.LocalDataSourceJobStore - MisfireHandler: Error handling misfires: Database error recovering from misfires.
org.quartz.JobPersistenceException: Database error recovering from misfires.
	at org.quartz.impl.jdbcjobstore.JobStoreSupport.doRecoverMisfires(JobStoreSupport.java:3197) ~[quartz-2.2.1.jar:na]
	at org.quartz.impl.jdbcjobstore.JobStoreSupport$MisfireHandler.manage(JobStoreSupport.java:3935) [quartz-2.2.1.jar:na]
	at org.quartz.impl.jdbcjobstore.JobStoreSupport$MisfireHandler.run(JobStoreSupport.java:3956) [quartz-2.2.1.jar:na]
Caused by: java.sql.SQLSyntaxErrorException: user lacks privilege or object not found: QRTZ_TRIGGERS
	at org.hsqldb.jdbc.JDBCUtil.sqlException(Unknown Source) ~[hsqldb-2.3.2.jar:2.3.2]
	at org.hsqldb.jdbc.JDBCUtil.sqlException(Unknown Source) ~[hsqldb-2.3.2.jar:2.3.2]
	at org.hsqldb.jdbc.JDBCPreparedStatement.<init>(Unknown Source) ~[hsqldb-2.3.2.jar:2.3.2]
	at org.hsqldb.jdbc.JDBCConnection.prepareStatement(Unknown Source) ~[hsqldb-2.3.2.jar:2.3.2]
	at sun.reflect.NativeMethodAccessorImpl.invoke0(Native Method) ~[na:1.8.0_05]
	at sun.reflect.NativeMethodAccessorImpl.invoke(NativeMethodAccessorImpl.java:62) ~[na:1.8.0_05]
	at sun.reflect.DelegatingMethodAccessorImpl.invoke(DelegatingMethodAccessorImpl.java:43) ~[na:1.8.0_05]
	at java.lang.reflect.Method.invoke(Method.java:483) ~[na:1.8.0_05]
	at org.apache.tomcat.jdbc.pool.ProxyConnection.invoke(ProxyConnection.java:126) ~[tomcat-jdbc-8.0.20.jar:na]
	at org.apache.tomcat.jdbc.pool.JdbcInterceptor.invoke(JdbcInterceptor.java:108) ~[tomcat-jdbc-8.0.20.jar:na]
	at org.apache.tomcat.jdbc.pool.DisposableConnectionFacade.invoke(DisposableConnectionFacade.java:81) ~[tomcat-jdbc-8.0.20.jar:na]
	at com.sun.proxy.$Proxy59.prepareStatement(Unknown Source) ~[na:na]
	at sun.reflect.NativeMethodAccessorImpl.invoke0(Native Method) ~[na:1.8.0_05]
	at sun.reflect.NativeMethodAccessorImpl.invoke(NativeMethodAccessorImpl.java:62) ~[na:1.8.0_05]
	at sun.reflect.DelegatingMethodAccessorImpl.invoke(DelegatingMethodAccessorImpl.java:43) ~[na:1.8.0_05]
	at java.lang.reflect.Method.invoke(Method.java:483) ~[na:1.8.0_05]
	at org.quartz.impl.jdbcjobstore.AttributeRestoringConnectionInvocationHandler.invoke(AttributeRestoringConnectionInvocationHandler.java:73) ~[quartz-2.2.1.jar:na]
	at com.sun.proxy.$Proxy108.prepareStatement(Unknown Source) ~[na:na]
	at org.quartz.impl.jdbcjobstore.StdJDBCDelegate.countMisfiredTriggersInState(StdJDBCDelegate.java:390) ~[quartz-2.2.1.jar:na]
	at org.quartz.impl.jdbcjobstore.JobStoreSupport.doRecoverMisfires(JobStoreSupport.java:3176) ~[quartz-2.2.1.jar:na]
	... 2 common frames omitted
Caused by: org.hsqldb.HsqlException: user lacks privilege or object not found: QRTZ_TRIGGERS
	at org.hsqldb.error.Error.error(Unknown Source) ~[hsqldb-2.3.2.jar:2.3.2]
	at org.hsqldb.error.Error.error(Unknown Source) ~[hsqldb-2.3.2.jar:2.3.2]
	at org.hsqldb.SchemaManager.getTable(Unknown Source) ~[hsqldb-2.3.2.jar:2.3.2]
	at org.hsqldb.ParserDQL.readTableName(Unknown Source) ~[hsqldb-2.3.2.jar:2.3.2]
	at org.hsqldb.ParserDQL.readTableOrSubquery(Unknown Source) ~[hsqldb-2.3.2.jar:2.3.2]
	at org.hsqldb.ParserDQL.XreadTableReference(Unknown Source) ~[hsqldb-2.3.2.jar:2.3.2]
	at org.hsqldb.ParserDQL.XreadFromClause(Unknown Source) ~[hsqldb-2.3.2.jar:2.3.2]
	at org.hsqldb.ParserDQL.XreadTableExpression(Unknown Source) ~[hsqldb-2.3.2.jar:2.3.2]
	at org.hsqldb.ParserDQL.XreadQuerySpecification(Unknown Source) ~[hsqldb-2.3.2.jar:2.3.2]
	at org.hsqldb.ParserDQL.XreadSimpleTable(Unknown Source) ~[hsqldb-2.3.2.jar:2.3.2]
	at org.hsqldb.ParserDQL.XreadQueryPrimary(Unknown Source) ~[hsqldb-2.3.2.jar:2.3.2]
	at org.hsqldb.ParserDQL.XreadQueryTerm(Unknown Source) ~[hsqldb-2.3.2.jar:2.3.2]
	at org.hsqldb.ParserDQL.XreadQueryExpressionBody(Unknown Source) ~[hsqldb-2.3.2.jar:2.3.2]
	at org.hsqldb.ParserDQL.XreadQueryExpression(Unknown Source) ~[hsqldb-2.3.2.jar:2.3.2]
	at org.hsqldb.ParserDQL.compileCursorSpecification(Unknown Source) ~[hsqldb-2.3.2.jar:2.3.2]
	at org.hsqldb.ParserCommand.compilePart(Unknown Source) ~[hsqldb-2.3.2.jar:2.3.2]
	at org.hsqldb.ParserCommand.compileStatement(Unknown Source) ~[hsqldb-2.3.2.jar:2.3.2]
	at org.hsqldb.Session.compileStatement(Unknown Source) ~[hsqldb-2.3.2.jar:2.3.2]
	at org.hsqldb.StatementManager.compile(Unknown Source) ~[hsqldb-2.3.2.jar:2.3.2]
	at org.hsqldb.Session.execute(Unknown Source) ~[hsqldb-2.3.2.jar:2.3.2]
	... 20 common frames omitted
18:03:56.283 [main] INFO  o.s.b.c.e.u.UndertowEmbeddedServletContainer - Undertow started on port(s) 8090 (http)
18:03:56.285 [main] INFO  o.s.b.a.b.JobLauncherCommandLineRunner - Running default command line with: []
18:03:56.290 [main] INFO  com.DistributedJdgModulApplication - Started DistributedJdgModulApplication in 16.529 seconds (JVM running for 17.613)
18:04:52.981 [Thread-4] INFO  o.i.r.t.jgroups.JGroupsTransport - ISPN000078: Starting JGroups Channel
18:04:56.205 [QuartzScheduler_schedulerFactory-uul1430993033171_ClusterManager] ERROR o.s.s.quartz.LocalDataSourceJobStore - ClusterManager: Error managing cluster: Failure identifying failed instances when checking-in: user lacks privilege or object not found: QRTZ_SCHEDULER_STATE
org.quartz.JobPersistenceException: Failure identifying failed instances when checking-in: user lacks privilege or object not found: QRTZ_SCHEDULER_STATE
	at org.quartz.impl.jdbcjobstore.JobStoreSupport.findFailedInstances(JobStoreSupport.java:3343) ~[quartz-2.2.1.jar:na]
	at org.quartz.impl.jdbcjobstore.JobStoreSupport.clusterCheckIn(JobStoreSupport.java:3393) ~[quartz-2.2.1.jar:na]
	at org.quartz.impl.jdbcjobstore.JobStoreSupport.doCheckin(JobStoreSupport.java:3263) ~[quartz-2.2.1.jar:na]
	at org.quartz.impl.jdbcjobstore.JobStoreSupport$ClusterManager.manage(JobStoreSupport.java:3858) [quartz-2.2.1.jar:na]
	at org.quartz.impl.jdbcjobstore.JobStoreSupport$ClusterManager.run(JobStoreSupport.java:3895) [quartz-2.2.1.jar:na]
Caused by: java.sql.SQLSyntaxErrorException: user lacks privilege or object not found: QRTZ_SCHEDULER_STATE
	at org.hsqldb.jdbc.JDBCUtil.sqlException(Unknown Source) ~[hsqldb-2.3.2.jar:2.3.2]
	at org.hsqldb.jdbc.JDBCUtil.sqlException(Unknown Source) ~[hsqldb-2.3.2.jar:2.3.2]
	at org.hsqldb.jdbc.JDBCPreparedStatement.<init>(Unknown Source) ~[hsqldb-2.3.2.jar:2.3.2]
	at org.hsqldb.jdbc.JDBCConnection.prepareStatement(Unknown Source) ~[hsqldb-2.3.2.jar:2.3.2]
	at sun.reflect.GeneratedMethodAccessor23.invoke(Unknown Source) ~[na:na]
	at sun.reflect.DelegatingMethodAccessorImpl.invoke(DelegatingMethodAccessorImpl.java:43) ~[na:1.8.0_05]
	at java.lang.reflect.Method.invoke(Method.java:483) ~[na:1.8.0_05]
	at org.apache.tomcat.jdbc.pool.ProxyConnection.invoke(ProxyConnection.java:126) ~[tomcat-jdbc-8.0.20.jar:na]
	at org.apache.tomcat.jdbc.pool.JdbcInterceptor.invoke(JdbcInterceptor.java:108) ~[tomcat-jdbc-8.0.20.jar:na]
	at org.apache.tomcat.jdbc.pool.DisposableConnectionFacade.invoke(DisposableConnectionFacade.java:81) ~[tomcat-jdbc-8.0.20.jar:na]
	at com.sun.proxy.$Proxy59.prepareStatement(Unknown Source) ~[na:na]
	at sun.reflect.GeneratedMethodAccessor23.invoke(Unknown Source) ~[na:na]
	at sun.reflect.DelegatingMethodAccessorImpl.invoke(DelegatingMethodAccessorImpl.java:43) ~[na:1.8.0_05]
	at java.lang.reflect.Method.invoke(Method.java:483) ~[na:1.8.0_05]
	at org.quartz.impl.jdbcjobstore.AttributeRestoringConnectionInvocationHandler.invoke(AttributeRestoringConnectionInvocationHandler.java:73) ~[quartz-2.2.1.jar:na]
	at com.sun.proxy.$Proxy108.prepareStatement(Unknown Source) ~[na:na]
	at org.quartz.impl.jdbcjobstore.StdJDBCDelegate.selectSchedulerStateRecords(StdJDBCDelegate.java:2992) ~[quartz-2.2.1.jar:na]
	at org.quartz.impl.jdbcjobstore.JobStoreSupport.findFailedInstances(JobStoreSupport.java:3307) ~[quartz-2.2.1.jar:na]
	... 4 common frames omitted
Caused by: org.hsqldb.HsqlException: user lacks privilege or object not found: QRTZ_SCHEDULER_STATE
	at org.hsqldb.error.Error.error(Unknown Source) ~[hsqldb-2.3.2.jar:2.3.2]
	at org.hsqldb.error.Error.error(Unknown Source) ~[hsqldb-2.3.2.jar:2.3.2]
	at org.hsqldb.SchemaManager.getTable(Unknown Source) ~[hsqldb-2.3.2.jar:2.3.2]
	at org.hsqldb.ParserDQL.readTableName(Unknown Source) ~[hsqldb-2.3.2.jar:2.3.2]
	at org.hsqldb.ParserDQL.readTableOrSubquery(Unknown Source) ~[hsqldb-2.3.2.jar:2.3.2]
	at org.hsqldb.ParserDQL.XreadTableReference(Unknown Source) ~[hsqldb-2.3.2.jar:2.3.2]
	at org.hsqldb.ParserDQL.XreadFromClause(Unknown Source) ~[hsqldb-2.3.2.jar:2.3.2]
	at org.hsqldb.ParserDQL.XreadTableExpression(Unknown Source) ~[hsqldb-2.3.2.jar:2.3.2]
	at org.hsqldb.ParserDQL.XreadQuerySpecification(Unknown Source) ~[hsqldb-2.3.2.jar:2.3.2]
	at org.hsqldb.ParserDQL.XreadSimpleTable(Unknown Source) ~[hsqldb-2.3.2.jar:2.3.2]
	at org.hsqldb.ParserDQL.XreadQueryPrimary(Unknown Source) ~[hsqldb-2.3.2.jar:2.3.2]
	at org.hsqldb.ParserDQL.XreadQueryTerm(Unknown Source) ~[hsqldb-2.3.2.jar:2.3.2]
	at org.hsqldb.ParserDQL.XreadQueryExpressionBody(Unknown Source) ~[hsqldb-2.3.2.jar:2.3.2]
	at org.hsqldb.ParserDQL.XreadQueryExpression(Unknown Source) ~[hsqldb-2.3.2.jar:2.3.2]
	at org.hsqldb.ParserDQL.compileCursorSpecification(Unknown Source) ~[hsqldb-2.3.2.jar:2.3.2]
	at org.hsqldb.ParserCommand.compilePart(Unknown Source) ~[hsqldb-2.3.2.jar:2.3.2]
	at org.hsqldb.ParserCommand.compileStatement(Unknown Source) ~[hsqldb-2.3.2.jar:2.3.2]
	at org.hsqldb.Session.compileStatement(Unknown Source) ~[hsqldb-2.3.2.jar:2.3.2]
	at org.hsqldb.StatementManager.compile(Unknown Source) ~[hsqldb-2.3.2.jar:2.3.2]
	at org.hsqldb.Session.execute(Unknown Source) ~[hsqldb-2.3.2.jar:2.3.2]
	... 20 common frames omitted
18:04:56.218 [QuartzScheduler_schedulerFactory-uul1430993033171_MisfireHandler] ERROR o.s.s.quartz.LocalDataSourceJobStore - MisfireHandler: Error handling misfires: Database error recovering from misfires.
org.quartz.JobPersistenceException: Database error recovering from misfires.
	at org.quartz.impl.jdbcjobstore.JobStoreSupport.doRecoverMisfires(JobStoreSupport.java:3197) ~[quartz-2.2.1.jar:na]
	at org.quartz.impl.jdbcjobstore.JobStoreSupport$MisfireHandler.manage(JobStoreSupport.java:3935) [quartz-2.2.1.jar:na]
	at org.quartz.impl.jdbcjobstore.JobStoreSupport$MisfireHandler.run(JobStoreSupport.java:3956) [quartz-2.2.1.jar:na]
Caused by: java.sql.SQLSyntaxErrorException: user lacks privilege or object not found: QRTZ_TRIGGERS
	at org.hsqldb.jdbc.JDBCUtil.sqlException(Unknown Source) ~[hsqldb-2.3.2.jar:2.3.2]
	at org.hsqldb.jdbc.JDBCUtil.sqlException(Unknown Source) ~[hsqldb-2.3.2.jar:2.3.2]
	at org.hsqldb.jdbc.JDBCPreparedStatement.<init>(Unknown Source) ~[hsqldb-2.3.2.jar:2.3.2]
	at org.hsqldb.jdbc.JDBCConnection.prepareStatement(Unknown Source) ~[hsqldb-2.3.2.jar:2.3.2]
	at sun.reflect.GeneratedMethodAccessor23.invoke(Unknown Source) ~[na:na]
	at sun.reflect.DelegatingMethodAccessorImpl.invoke(DelegatingMethodAccessorImpl.java:43) ~[na:1.8.0_05]
	at java.lang.reflect.Method.invoke(Method.java:483) ~[na:1.8.0_05]
	at org.apache.tomcat.jdbc.pool.ProxyConnection.invoke(ProxyConnection.java:126) ~[tomcat-jdbc-8.0.20.jar:na]
	at org.apache.tomcat.jdbc.pool.JdbcInterceptor.invoke(JdbcInterceptor.java:108) ~[tomcat-jdbc-8.0.20.jar:na]
	at org.apache.tomcat.jdbc.pool.DisposableConnectionFacade.invoke(DisposableConnectionFacade.java:81) ~[tomcat-jdbc-8.0.20.jar:na]
	at com.sun.proxy.$Proxy59.prepareStatement(Unknown Source) ~[na:na]
	at sun.reflect.GeneratedMethodAccessor23.invoke(Unknown Source) ~[na:na]
	at sun.reflect.DelegatingMethodAccessorImpl.invoke(DelegatingMethodAccessorImpl.java:43) ~[na:1.8.0_05]
	at java.lang.reflect.Method.invoke(Method.java:483) ~[na:1.8.0_05]
	at org.quartz.impl.jdbcjobstore.AttributeRestoringConnectionInvocationHandler.invoke(AttributeRestoringConnectionInvocationHandler.java:73) ~[quartz-2.2.1.jar:na]
	at com.sun.proxy.$Proxy108.prepareStatement(Unknown Source) ~[na:na]
	at org.quartz.impl.jdbcjobstore.StdJDBCDelegate.countMisfiredTriggersInState(StdJDBCDelegate.java:390) ~[quartz-2.2.1.jar:na]
	at org.quartz.impl.jdbcjobstore.JobStoreSupport.doRecoverMisfires(JobStoreSupport.java:3176) ~[quartz-2.2.1.jar:na]
	... 2 common frames omitted
Caused by: org.hsqldb.HsqlException: user lacks privilege or object not found: QRTZ_TRIGGERS
	at org.hsqldb.error.Error.error(Unknown Source) ~[hsqldb-2.3.2.jar:2.3.2]
	at org.hsqldb.error.Error.error(Unknown Source) ~[hsqldb-2.3.2.jar:2.3.2]
	at org.hsqldb.SchemaManager.getTable(Unknown Source) ~[hsqldb-2.3.2.jar:2.3.2]
	at org.hsqldb.ParserDQL.readTableName(Unknown Source) ~[hsqldb-2.3.2.jar:2.3.2]
	at org.hsqldb.ParserDQL.readTableOrSubquery(Unknown Source) ~[hsqldb-2.3.2.jar:2.3.2]
	at org.hsqldb.ParserDQL.XreadTableReference(Unknown Source) ~[hsqldb-2.3.2.jar:2.3.2]
	at org.hsqldb.ParserDQL.XreadFromClause(Unknown Source) ~[hsqldb-2.3.2.jar:2.3.2]
	at org.hsqldb.ParserDQL.XreadTableExpression(Unknown Source) ~[hsqldb-2.3.2.jar:2.3.2]
	at org.hsqldb.ParserDQL.XreadQuerySpecification(Unknown Source) ~[hsqldb-2.3.2.jar:2.3.2]
	at org.hsqldb.ParserDQL.XreadSimpleTable(Unknown Source) ~[hsqldb-2.3.2.jar:2.3.2]
	at org.hsqldb.ParserDQL.XreadQueryPrimary(Unknown Source) ~[hsqldb-2.3.2.jar:2.3.2]
	at org.hsqldb.ParserDQL.XreadQueryTerm(Unknown Source) ~[hsqldb-2.3.2.jar:2.3.2]
	at org.hsqldb.ParserDQL.XreadQueryExpressionBody(Unknown Source) ~[hsqldb-2.3.2.jar:2.3.2]
	at org.hsqldb.ParserDQL.XreadQueryExpression(Unknown Source) ~[hsqldb-2.3.2.jar:2.3.2]
	at org.hsqldb.ParserDQL.compileCursorSpecification(Unknown Source) ~[hsqldb-2.3.2.jar:2.3.2]
	at org.hsqldb.ParserCommand.compilePart(Unknown Source) ~[hsqldb-2.3.2.jar:2.3.2]
	at org.hsqldb.ParserCommand.compileStatement(Unknown Source) ~[hsqldb-2.3.2.jar:2.3.2]
	at org.hsqldb.Session.compileStatement(Unknown Source) ~[hsqldb-2.3.2.jar:2.3.2]
	at org.hsqldb.StatementManager.compile(Unknown Source) ~[hsqldb-2.3.2.jar:2.3.2]
	at org.hsqldb.Session.execute(Unknown Source) ~[hsqldb-2.3.2.jar:2.3.2]
	... 18 common frames omitted
18:04:57.231 [Thread-4] INFO  o.i.r.t.jgroups.JGroupsTransport - ISPN000094: Received new cluster view: [repl-18962|0] (1) [repl-18962]
18:04:57.232 [Thread-4] INFO  o.i.r.t.jgroups.JGroupsTransport - ISPN000079: Cache local address is repl-18962, physical addresses are [fe80:0:0:0:f03e:6111:9cd2:d92d%4:61438]
18:04:57.237 [Thread-4] INFO  o.i.f.GlobalComponentRegistry - ISPN000128: Infinispan version: Infinispan 'Infinium' 6.1.0.Final-redhat-4
